<?xml version="1.0" encoding="UTF-8"?>
<!-- Generated by org.testng.reporters.JUnitXMLReporter -->
<testsuite ignored="0" hostname="DESKTOP-KG5USG9" failures="1" tests="2" name="Test" time="38.43" errors="0" timestamp="2023-02-26T11:23:49 IST">
  <testcase classname="testMgg.sAsserttss" name="f" time="37.076"/>
  <testcase classname="testMgg.sAsserttss" name="title" time="1.09">
    <failure type="java.lang.AssertionError" message="expected [Utkarshaa Academy] but found [Utkarshaa Academ]">
      <![CDATA[java.lang.AssertionError: expected [Utkarshaa Academy] but found [Utkarshaa Academ]
at testMgg.sAsserttss.title(sAsserttss.java:46)
at java.base/java.util.ArrayList.forEach(ArrayList.java:1511)
... Removed 31 stack frames]]>
    </failure>
  </testcase> <!-- title -->
</testsuite> <!-- Test -->
