<?xml version="1.0" encoding="UTF-8"?>
<testng-results ignored="0" total="2" passed="2" failed="0" skipped="0">
  <reporter-output>
  </reporter-output>
  <suite started-at="2023-03-18T11:07:25 IST" name="Default suite" finished-at="2023-03-18T11:07:25 IST" duration-ms="161">
    <groups>
    </groups>
    <test started-at="2023-03-18T11:07:25 IST" name="Default test" finished-at="2023-03-18T11:07:25 IST" duration-ms="161">
      <class name="testMgg.basic_test_ng">
        <test-method is-config="true" signature="beforeSuite()[pri:0, instance:testMgg.basic_test_ng@59662a0b]" started-at="2023-03-18T11:07:25 IST" name="beforeSuite" finished-at="2023-03-18T11:07:25 IST" duration-ms="47" status="PASS">
          <reporter-output>
          </reporter-output>
        </test-method> <!-- beforeSuite -->
        <test-method is-config="true" signature="beforeTest()[pri:0, instance:testMgg.basic_test_ng@59662a0b]" started-at="2023-03-18T11:07:25 IST" name="beforeTest" finished-at="2023-03-18T11:07:25 IST" duration-ms="2" status="PASS">
          <reporter-output>
          </reporter-output>
        </test-method> <!-- beforeTest -->
        <test-method is-config="true" signature="beforeClass()[pri:0, instance:testMgg.basic_test_ng@59662a0b]" started-at="2023-03-18T11:07:25 IST" name="beforeClass" finished-at="2023-03-18T11:07:25 IST" duration-ms="1" status="PASS">
          <reporter-output>
          </reporter-output>
        </test-method> <!-- beforeClass -->
        <test-method is-config="true" signature="beforeMethod()[pri:0, instance:testMgg.basic_test_ng@59662a0b]" started-at="2023-03-18T11:07:25 IST" name="beforeMethod" finished-at="2023-03-18T11:07:25 IST" duration-ms="1" status="PASS">
          <reporter-output>
          </reporter-output>
        </test-method> <!-- beforeMethod -->
        <test-method signature="f()[pri:0, instance:testMgg.basic_test_ng@59662a0b]" started-at="2023-03-18T11:07:25 IST" name="f" finished-at="2023-03-18T11:07:25 IST" duration-ms="31" status="PASS">
          <reporter-output>
          </reporter-output>
        </test-method> <!-- f -->
        <test-method is-config="true" signature="afterMethod()[pri:0, instance:testMgg.basic_test_ng@59662a0b]" started-at="2023-03-18T11:07:25 IST" name="afterMethod" finished-at="2023-03-18T11:07:25 IST" duration-ms="2" status="PASS">
          <reporter-output>
          </reporter-output>
        </test-method> <!-- afterMethod -->
        <test-method is-config="true" signature="beforeMethod()[pri:0, instance:testMgg.basic_test_ng@59662a0b]" started-at="2023-03-18T11:07:25 IST" name="beforeMethod" finished-at="2023-03-18T11:07:25 IST" duration-ms="1" status="PASS">
          <reporter-output>
          </reporter-output>
        </test-method> <!-- beforeMethod -->
        <test-method signature="g()[pri:0, instance:testMgg.basic_test_ng@59662a0b]" started-at="2023-03-18T11:07:25 IST" name="g" finished-at="2023-03-18T11:07:25 IST" duration-ms="4" status="PASS">
          <reporter-output>
          </reporter-output>
        </test-method> <!-- g -->
        <test-method is-config="true" signature="afterMethod()[pri:0, instance:testMgg.basic_test_ng@59662a0b]" started-at="2023-03-18T11:07:25 IST" name="afterMethod" finished-at="2023-03-18T11:07:25 IST" duration-ms="0" status="PASS">
          <reporter-output>
          </reporter-output>
        </test-method> <!-- afterMethod -->
        <test-method is-config="true" signature="afterClass()[pri:0, instance:testMgg.basic_test_ng@59662a0b]" started-at="2023-03-18T11:07:25 IST" name="afterClass" finished-at="2023-03-18T11:07:25 IST" duration-ms="1" status="PASS">
          <reporter-output>
          </reporter-output>
        </test-method> <!-- afterClass -->
        <test-method is-config="true" signature="afterTest()[pri:0, instance:testMgg.basic_test_ng@59662a0b]" started-at="2023-03-18T11:07:25 IST" name="afterTest" finished-at="2023-03-18T11:07:25 IST" duration-ms="1" status="PASS">
          <reporter-output>
          </reporter-output>
        </test-method> <!-- afterTest -->
        <test-method is-config="true" signature="afterSuite()[pri:0, instance:testMgg.basic_test_ng@59662a0b]" started-at="2023-03-18T11:07:25 IST" name="afterSuite" finished-at="2023-03-18T11:07:25 IST" duration-ms="3" status="PASS">
          <reporter-output>
          </reporter-output>
        </test-method> <!-- afterSuite -->
      </class> <!-- testMgg.basic_test_ng -->
    </test> <!-- Default test -->
  </suite> <!-- Default suite -->
</testng-results>
